DEBUG:root:This message should go to the log file
INFO:root:So should this
WARNING:root:And this, too
WARNING:django.request:Not Found: /favicon.ico
INFO:root:<QueryDict: {'csrfmiddlewaretoken': ['7dVsr5Rf69UeP20Kz0QbZhlXz9Jd6I8XeEixI6au1jreQE1wT7qbZC4fyW0jeZWT'], 'pythonText': ['    \r\n    '], 'petenText': ['    \r\nברכה="שלום, עולם!"\r\nלהדפיס(ברכה)\r\n\r\n### PETEN TRANSLATION COMMENTS ###\r\n# ברכה = greeting\r\n\r\n    '], 'submitMode': ['convert']}>
INFO:root:dict_keys(['csrfmiddlewaretoken', 'pythonText', 'petenText', 'submitMode'])
INFO:root:<QueryDict: {'csrfmiddlewaretoken': ['fwxqXgtmuR5QvLH4jsBQdJA8FGVyUUP4mXUvehMBp1CQwnIQDzbQd4jqEtcE2bD0'], 'pythonText': ['    # coding=UTF-8\r\n    \r\ngreeting="שלום, עולם!"\r\nprint(greeting)\r\n\r\n### PETEN TRANSLATION COMMENTS ###\r\n# ברכה = greeting\r\n\r\n    \r\n    '], 'petenText': ['        \r\nברכה="שלום, עולם!"\r\nלהדפיס(ברכה)\r\n\r\n### PETEN TRANSLATION COMMENTS ###\r\n# ברכה = greeting\r\n\r\n    \r\n    '], 'submitMode': ['execute']}>
INFO:root:dict_keys(['csrfmiddlewaretoken', 'pythonText', 'petenText', 'submitMode'])
INFO:root:<QueryDict: {'csrfmiddlewaretoken': ['fwxqXgtmuR5QvLH4jsBQdJA8FGVyUUP4mXUvehMBp1CQwnIQDzbQd4jqEtcE2bD0'], 'pythonText': ['    # coding=UTF-8\r\n    \r\ngreeting="שלום, עולם!"\r\nprint(greeting)\r\n\r\n### PETEN TRANSLATION COMMENTS ###\r\n# ברכה = greeting\r\n\r\n    \r\n    '], 'petenText': ['        \r\nברכה="שלום, עולם!"\r\nלהדפיס(ברכה)\r\n\r\n### PETEN TRANSLATION COMMENTS ###\r\n# ברכה = greeting\r\n\r\n    \r\n    '], 'submitMode': ['execute']}>
INFO:root:dict_keys(['csrfmiddlewaretoken', 'pythonText', 'petenText', 'submitMode'])
INFO:root:<QueryDict: {'csrfmiddlewaretoken': ['uFV6iQ20Tmbp09udfyFZqyopSvMB374xB6ibzRlfOwIp1LvZzFfZqT7HRi3HboSt'], 'pythonText': ['    \r\n    '], 'petenText': ['    \r\nברכה="שלום, עולם!"\r\nלהדפיס(ברכה)\r\n\r\n### PETEN TRANSLATION COMMENTS ###\r\n# ברכה = greeting\r\n\r\n    '], 'submitMode': ['convert']}>
INFO:root:dict_keys(['csrfmiddlewaretoken', 'pythonText', 'petenText', 'submitMode'])
INFO:root:<QueryDict: {'csrfmiddlewaretoken': ['ujzv6uA7RAMrjcDqH3KW4rnvlWLBze4eBKWAnvTmMKjrkOEc1akW4M6NkJ2HHvSa'], 'pythonText': ['    # coding=UTF-8\r\n    \r\ngreeting="שלום, עולם!"\r\nprint(greeting)\r\n\r\n### PETEN TRANSLATION COMMENTS ###\r\n# ברכה = greeting\r\n\r\n    \r\n    '], 'petenText': ['        \r\nברכה="שלום, עולם!"\r\nלהדפיס(ברכה)\r\n\r\n### PETEN TRANSLATION COMMENTS ###\r\n# ברכה = greeting\r\n\r\n    \r\n    '], 'submitMode': ['execute']}>
INFO:root:dict_keys(['csrfmiddlewaretoken', 'pythonText', 'petenText', 'submitMode'])
INFO:root:<QueryDict: {'csrfmiddlewaretoken': ['Rn6ujxGMRwelNsehErlNyqjCAtGRAwZdYOtzAyZ1MGLlO4f3YyVNyL2UzgXXINN9'], 'pythonText': ['    \r\n    '], 'petenText': ['    \r\nברכה="שלום, עולם!"\r\nלהדפיס(ברכה)\r\n\r\n### PETEN TRANSLATION COMMENTS ###\r\n# ברכה = greeting\r\n\r\n    ']}>
INFO:root:dict_keys(['csrfmiddlewaretoken', 'pythonText', 'petenText'])
ERROR:django.request:Internal Server Error: /
Traceback (most recent call last):
  File "/usr/local/lib/python3.5/dist-packages/django/utils/datastructures.py", line 77, in __getitem__
    list_ = super().__getitem__(key)
KeyError: 'submitMode'

During handling of the above exception, another exception occurred:

Traceback (most recent call last):
  File "/usr/local/lib/python3.5/dist-packages/django/core/handlers/exception.py", line 35, in inner
    response = get_response(request)
  File "/usr/local/lib/python3.5/dist-packages/django/core/handlers/base.py", line 128, in _get_response
    response = self.process_exception_by_middleware(e, request)
  File "/usr/local/lib/python3.5/dist-packages/django/core/handlers/base.py", line 126, in _get_response
    response = wrapped_callback(request, *callback_args, **callback_kwargs)
  File "/home/lifman/heroku-peten/hello/views.py", line 33, in peten
    submit_mode = request.POST["submitMode"]
  File "/usr/local/lib/python3.5/dist-packages/django/utils/datastructures.py", line 79, in __getitem__
    raise MultiValueDictKeyError(key)
django.utils.datastructures.MultiValueDictKeyError: 'submitMode'
INFO:root:<QueryDict: {'csrfmiddlewaretoken': ['Rn6ujxGMRwelNsehErlNyqjCAtGRAwZdYOtzAyZ1MGLlO4f3YyVNyL2UzgXXINN9'], 'pythonText': ['    \r\n    '], 'petenText': ['    \r\nברכה="שלום, עולם!"\r\nלהדפיס(ברכה)\r\n\r\n### PETEN TRANSLATION COMMENTS ###\r\n# ברכה = greeting\r\n\r\n    ']}>
INFO:root:dict_keys(['csrfmiddlewaretoken', 'pythonText', 'petenText'])
ERROR:django.request:Internal Server Error: /
Traceback (most recent call last):
  File "/usr/local/lib/python3.5/dist-packages/django/utils/datastructures.py", line 77, in __getitem__
    list_ = super().__getitem__(key)
KeyError: 'submitMode'

During handling of the above exception, another exception occurred:

Traceback (most recent call last):
  File "/usr/local/lib/python3.5/dist-packages/django/core/handlers/exception.py", line 35, in inner
    response = get_response(request)
  File "/usr/local/lib/python3.5/dist-packages/django/core/handlers/base.py", line 128, in _get_response
    response = self.process_exception_by_middleware(e, request)
  File "/usr/local/lib/python3.5/dist-packages/django/core/handlers/base.py", line 126, in _get_response
    response = wrapped_callback(request, *callback_args, **callback_kwargs)
  File "/home/lifman/heroku-peten/hello/views.py", line 33, in peten
    submit_mode = request.POST["submitMode"]
  File "/usr/local/lib/python3.5/dist-packages/django/utils/datastructures.py", line 79, in __getitem__
    raise MultiValueDictKeyError(key)
django.utils.datastructures.MultiValueDictKeyError: 'submitMode'
INFO:root:<QueryDict: {'csrfmiddlewaretoken': ['58GTUrLqnGs1qyY66e6vVD7LvVrDEr1wcz3Ybs4FiQZ1raZSqlGvVYQ3uIIJMIPs'], 'pythonText': ['    \r\n    '], 'petenText': ['    \r\nברכה="שלום, עולם!"\r\nלהדפיס(ברכה)\r\n\r\n### PETEN TRANSLATION COMMENTS ###\r\n# ברכה = greeting\r\n\r\n    '], 'submitMode': ['convert']}>
INFO:root:dict_keys(['csrfmiddlewaretoken', 'pythonText', 'petenText', 'submitMode'])
INFO:root:<QueryDict: {'csrfmiddlewaretoken': ['1W8kJWijaC55YwRiUqHAKmdweS4g9Ll88nvp0XBy5MC5Z8S4exhAKHWOdFlmh294'], 'pythonText': ['    # coding=UTF-8\r\n    \r\ngreeting="שלום, עולם!"\r\nprint(greeting)\r\n\r\n### PETEN TRANSLATION COMMENTS ###\r\n# ברכה = greeting\r\n\r\n    \r\n    '], 'petenText': ['        \r\nברכה="שלום, עולם!"\r\nלהדפיס(ברכה)\r\n\r\n### PETEN TRANSLATION COMMENTS ###\r\n# ברכה = greeting\r\n\r\n    \r\n    '], 'submitMode': ['execute']}>
INFO:root:dict_keys(['csrfmiddlewaretoken', 'pythonText', 'petenText', 'submitMode'])
INFO:root:<QueryDict: {'csrfmiddlewaretoken': ['K6yas9CRaDFdaCUiSa4etVPs4CpT8sIGRxVfJaV65NcdbeV4chEetgyK3pGZgJwC'], 'pythonText': ['    \r\n    '], 'petenText': ['    \r\nברכה="שלום, עולם!"\r\nלהדפיס(ברכה)\r\n\r\n### PETEN TRANSLATION COMMENTS ###\r\n# ברכה = greeting\r\n\r\n    '], 'submitMode': ['convert']}>
INFO:root:dict_keys(['csrfmiddlewaretoken', 'pythonText', 'petenText', 'submitMode'])
INFO:root:<QueryDict: {'csrfmiddlewaretoken': ['QaqvuTfgQls9aid3yinN5nj9dhl9vH22XBNALUyvLvZ9bUePSpXN5I2rc4CfDYQY'], 'pythonText': ['    # coding=UTF-8\r\n    \r\ngreeting="שלום, עולם!"\r\nprint(greeting)\r\n\r\n### PETEN TRANSLATION COMMENTS ###\r\n# ברכה = greeting\r\n\r\n    \r\n    '], 'petenText': ['        \r\nברכה="שלום, עולם!"\r\nלהדפיס(ברכה)\r\n\r\n### PETEN TRANSLATION COMMENTS ###\r\n# ברכה = greeting\r\n\r\n    \r\n    '], 'submitMode': ['execute']}>
INFO:root:dict_keys(['csrfmiddlewaretoken', 'pythonText', 'petenText', 'submitMode'])
INFO:root:<QueryDict: {'csrfmiddlewaretoken': ['zHfqHzuFSRH6xEZyWWQYZHHLufHlBWVtG8CvYANUN1e6yg0kg3qYZ2q3t2YrJdJp'], 'pythonText': ['    # coding=UTF-8\r\n        \r\ngreeting="שלום, עולם!"\r\nprint(greeting)\r\n\r\n### PETEN TRANSLATION COMMENTS ###\r\n# ברכה = greeting\r\n\r\n    \r\n    \r\n    '], 'petenText': ['            \r\nברכה="שלום, עולם!"\r\nלהדפיס(ברכה)\r\n\r\n### PETEN TRANSLATION COMMENTS ###\r\n# ברכה = greeting\r\n\r\n    \r\n    \r\n    '], 'submitMode': ['convert']}>
INFO:root:dict_keys(['csrfmiddlewaretoken', 'pythonText', 'petenText', 'submitMode'])
INFO:root:<QueryDict: {'csrfmiddlewaretoken': ['PZYWcdhpuXF07TGAGn4BwXkyvzV4OBmJWql1teAEp7c08vHm0uEBwi3QumcaWSaF'], 'pythonText': ['    # coding=UTF-8\r\n            \r\ngreeting="שלום, עולם!"\r\nprint(greeting)\r\n\r\n### PETEN TRANSLATION COMMENTS ###\r\n# ברכה = greeting\r\n\r\n    \r\n    \r\n    \r\n    '], 'petenText': ['                \r\nברכה="שלום, עולם!"\r\nלהדפיס(ברכה)\r\n\r\n### PETEN TRANSLATION COMMENTS ###\r\n# ברכה = greeting\r\n\r\n    \r\n    \r\n    \r\n    '], 'submitMode': ['execute']}>
INFO:root:dict_keys(['csrfmiddlewaretoken', 'pythonText', 'petenText', 'submitMode'])
INFO:root:<QueryDict: {'csrfmiddlewaretoken': ['VGUPkA53BA13Mf7tQ5YQt6Bs4hcrnecD27hUBBoiwKy3NR8facyQtrkK34txvv0z'], 'pythonText': ['    \r\n    '], 'petenText': ['    \r\nברכה="שלום, עולם!"\r\nלהדפיס(ברכה)\r\n\r\n### PETEN TRANSLATION COMMENTS ###\r\n# ברכה = greeting\r\n\r\n    '], 'submitMode': ['convert']}>
INFO:root:dict_keys(['csrfmiddlewaretoken', 'pythonText', 'petenText', 'submitMode'])
INFO:root:<QueryDict: {'csrfmiddlewaretoken': ['fowgTz7PpizBrKWXjKGai8wC7OZuAKO8mPTlaAq4ks6BsmXJDRgaitfU6BgAI1C4'], 'pythonText': ['    # coding=UTF-8\r\n    \r\ngreeting="שלום, עולם!"\r\nprint(greeting)\r\n\r\n### PETEN TRANSLATION COMMENTS ###\r\n# ברכה = greeting\r\n\r\n    \r\n    '], 'petenText': ['        \r\nברכה="שלום, עולם!"\r\nלהדפיס(ברכה)\r\n\r\n### PETEN TRANSLATION COMMENTS ###\r\n# ברכה = greeting\r\n\r\n    \r\n    '], 'submitMode': ['execute']}>
INFO:root:dict_keys(['csrfmiddlewaretoken', 'pythonText', 'petenText', 'submitMode'])
INFO:root:<QueryDict: {'csrfmiddlewaretoken': ['gYPVhNsF00lDIueqOct9zNwdrF5OL1l5npc0yOLUVaSDJ6fc8j39z8fvqsmUTi91'], 'pythonText': ['    \r\n    '], 'petenText': ['    \r\nברכה="שלום, עולם!"\r\nלהדפיס(ברכה)\r\n\r\n### PETEN TRANSLATION COMMENTS ###\r\n# ברכה = greeting\r\n\r\n    '], 'submitMode': ['convert']}>
INFO:root:dict_keys(['csrfmiddlewaretoken', 'pythonText', 'petenText', 'submitMode'])
INFO:root:<QueryDict: {'csrfmiddlewaretoken': ['kmMvbkl4yA3rnNEEzItCF6V24jFz7n3frN9AslEjtKAropFqTP3CFrEk36WFfERb'], 'pythonText': ['    # coding=UTF-8\r\n    \r\ngreeting="שלום, עולם!"\r\nprint(greeting)\r\n\r\n### PETEN TRANSLATION COMMENTS ###\r\n# ברכה = greeting\r\n\r\n    \r\n    '], 'petenText': ['        \r\nברכה="שלום, עולם!"\r\nלהדפיס(ברכה)\r\n\r\n### PETEN TRANSLATION COMMENTS ###\r\n# ברכה = greeting\r\n\r\n    \r\n    '], 'submitMode': ['execute']}>
INFO:root:dict_keys(['csrfmiddlewaretoken', 'pythonText', 'petenText', 'submitMode'])
INFO:root:<QueryDict: {'csrfmiddlewaretoken': ['NcQXd9fHrswt6MXku6pvRzRR2AUWlBoWUDd2uayWmC3t7oY6OdZvRUA91nb2tScS'], 'pythonText': ['    \r\n    '], 'petenText': ['    \r\nברכה="שלום, עולם!"\r\nלהדפיס(ברכה)\r\n\r\n### PETEN TRANSLATION COMMENTS ###\r\n# ברכה = greeting\r\n\r\n    '], 'submitMode': ['convert']}>
INFO:root:dict_keys(['csrfmiddlewaretoken', 'pythonText', 'petenText', 'submitMode'])
INFO:root:<QueryDict: {'csrfmiddlewaretoken': ['pkObBjEvcyzSul9EH6u3WZexObneQaUZwLbgSkXK7I6SvXaq1d43WkXPNYEkYrIV'], 'pythonText': ['    # coding=UTF-8\r\n    \r\ngreeting="שלום, עולם!"\r\nprint(greeting)\r\n\r\n### PETEN TRANSLATION COMMENTS ###\r\n# ברכה = greeting\r\n\r\n    \r\n    '], 'petenText': ['        \r\nברכה="שלום, עולם!"\r\nלהדפיס(ברכה)\r\n\r\n### PETEN TRANSLATION COMMENTS ###\r\n# ברכה = greeting\r\n\r\n    \r\n    '], 'submitMode': ['execute']}>
INFO:root:dict_keys(['csrfmiddlewaretoken', 'pythonText', 'petenText', 'submitMode'])
INFO:root:<QueryDict: {'csrfmiddlewaretoken': ['LTSoA3rmR4jievRwGUvdce4A8H5i9XyYSkftR4KBMeQif7Si015dczNS7umohemU'], 'pythonText': ['    \r\n    '], 'petenText': ['    \r\nברכה="שלום, עולם!"\r\nלהדפיס(ברכה)\r\n\r\n### PETEN TRANSLATION COMMENTS ###\r\n# ברכה = greeting\r\n\r\n    '], 'submitMode': ['convert']}>
INFO:root:dict_keys(['csrfmiddlewaretoken', 'pythonText', 'petenText', 'submitMode'])
INFO:root:<QueryDict: {'csrfmiddlewaretoken': ['ZuJvWTHzUeSxUd7NlRlFr6p3MgIVFFVa6V6AdU0OPopxVP8zFYVFrr8lL3Z1NWJ6'], 'pythonText': ['    # coding=UTF-8\r\n    \r\ngreeting="שלום, עולם!"\r\nprint(greeting)\r\n\r\n### PETEN TRANSLATION COMMENTS ###\r\n# ברכה = greeting\r\n\r\n    \r\n    '], 'petenText': ['        \r\nברכה="שלום, עולם!"\r\nלהדפיס(ברכה)\r\n\r\n### PETEN TRANSLATION COMMENTS ###\r\n# ברכה = greeting\r\n\r\n    \r\n    '], 'submitMode': ['execute']}>
INFO:root:dict_keys(['csrfmiddlewaretoken', 'pythonText', 'petenText', 'submitMode'])
DEBUG:root:This message should go to the log file
INFO:root:So should this
WARNING:root:And this, too
WARNING:django.request:Not Found: /favicon.ico
INFO:root:<QueryDict: {'csrfmiddlewaretoken': ['1kgjBXwuc6L5EyqHQfw8uUSFFPhtz2cs8LDoSYPJ7gi5Fartam68ufBXECyzHj0o'], 'submitMode': ['convert'], 'pythonText': [''], 'petenText': ['ברכה="שלום, עולם!"\r\nלהדפיס(ברכה)\r\n\r\n### PETEN TRANSLATION COMMENTS ###\r\n# ברכה = greeting\r\n']}>
INFO:root:dict_keys(['csrfmiddlewaretoken', 'submitMode', 'pythonText', 'petenText'])
INFO:root:<QueryDict: {'csrfmiddlewaretoken': ['YOvcFeNgqTt7e7tGxSALKevIcUo9Ftjb5fShWf6vl307fJusRZaLKze0bHFfNK77'], 'submitMode': ['convert'], 'pythonText': ['# coding=UTF-8\r\ngreeting="שלום, עולם!"\r\nprint(greeting)\r\n\r\n### PETEN TRANSLATION COMMENTS ###\r\n# ברכה = greeting\r\n'], 'petenText': ['ברכה="שלום, עולם!"\r\nלהדפיס ברכה\r\n\r\n### PETEN TRANSLATION COMMENTS ###\r\n# ברכה = greeting\r\n']}>
INFO:root:dict_keys(['csrfmiddlewaretoken', 'submitMode', 'pythonText', 'petenText'])
INFO:root:<QueryDict: {'csrfmiddlewaretoken': ['xkiOCL0AXTO9y2eCRMseLoOCgbhRD9XWELFTTMjPS3l9zEfobT2eLJxUfYyXLqLS'], 'submitMode': ['execute'], 'pythonText': ['# coding=UTF-8\r\ngreeting="שלום, עולם!"\r\nprint greeting\r\n\r\n### PETEN TRANSLATION COMMENTS ###\r\n# ברכה = greeting\r\n'], 'petenText': ['ברכה="שלום, עולם!"\r\nלהדפיס ברכה\r\n\r\n### PETEN TRANSLATION COMMENTS ###\r\n# ברכה = greeting\r\n']}>
INFO:root:dict_keys(['csrfmiddlewaretoken', 'submitMode', 'pythonText', 'petenText'])
DEBUG:root:This message should go to the log file
INFO:root:So should this
WARNING:root:And this, too
INFO:root:<QueryDict: {'petenText': ['ברכה="שלום, עולם!"\r\nלהדפיס(ברכה)\r\n\r\n### PETEN TRANSLATION COMMENTS ###\r\n# ברכה = greeting\r\n'], 'pythonText': [''], 'csrfmiddlewaretoken': ['x1mds4FTDofNIEBCp7lQMx0auVhef9qGEsJiJ5Y8yyMNJgCoJeVQMSJstIyknqeC'], 'submitMode': ['convert']}>
INFO:root:dict_keys(['petenText', 'pythonText', 'csrfmiddlewaretoken', 'submitMode'])
INFO:root:<QueryDict: {'petenText': ['ברכה="שלום, עולם!"\r\nלהדפיס ברכה\r\n\r\n### PETEN TRANSLATION COMMENTS ###\r\n# ברכה = greeting\r\n'], 'pythonText': ['# coding=UTF-8\r\ngreeting="שלום, עולם!"\r\nprint(greeting)\r\n\r\n### PETEN TRANSLATION COMMENTS ###\r\n# ברכה = greeting\r\n'], 'csrfmiddlewaretoken': ['fxn44I8qN0Py4h6wrmTx1yvIsJfdWLIlmYK9lJrFIamy5T7iLttx1Te0rwwj42wh'], 'submitMode': ['convert']}>
INFO:root:dict_keys(['petenText', 'pythonText', 'csrfmiddlewaretoken', 'submitMode'])
INFO:root:<QueryDict: {'petenText': ['ברכה="שלום, עולם!"\r\nלהדפיס ברכה\r\n\r\n### PETEN TRANSLATION COMMENTS ###\r\n# ברכה = greeting\r\n'], 'pythonText': ['# coding=UTF-8\r\ngreeting="שלום, עולם!"\r\nprint greeting\r\n\r\n### PETEN TRANSLATION COMMENTS ###\r\n# ברכה = greeting\r\n'], 'csrfmiddlewaretoken': ['HNAB5VPPRTbCBArsxJCHjLbgZKSEinn1OeXGmW84M3ICCcseRQcHj6UyYx9KqEbX'], 'submitMode': ['execute']}>
INFO:root:dict_keys(['petenText', 'pythonText', 'csrfmiddlewaretoken', 'submitMode'])
INFO:root:<QueryDict: {'petenText': ['ברכה="שלום, עולם!"\r\nלהדפיס ברכה\r\n\r\n### PETEN TRANSLATION COMMENTS ###\r\n# ברכה = greeting\r\n'], 'pythonText': ['# coding=UTF-8\r\ngreeting="שלום, עולם!"\r\nprint greeting\r\n\r\n### PETEN TRANSLATION COMMENTS ###\r\n# ברכה = greeting\r\n'], 'csrfmiddlewaretoken': ['BcWB5mFR16kqappAE8EtHqFzzD1wyjPnIDjGmnY6WgRqb1qmYfetHLoRyqiCGADj'], 'submitMode': ['execute']}>
INFO:root:dict_keys(['petenText', 'pythonText', 'csrfmiddlewaretoken', 'submitMode'])
INFO:root:<QueryDict: {'petenText': ['ברכה="שלום, עולם!"\r\nלהדפיס ברכה\r\n\r\n### PETEN TRANSLATION COMMENTS ###\r\n# ברכה = greeting\r\n'], 'pythonText': ['# coding=UTF-8\r\ngreeting="שלום, עולם!"\r\nprint greeting\r\n\r\n### PETEN TRANSLATION COMMENTS ###\r\n# ברכה = greeting\r\n'], 'csrfmiddlewaretoken': ['PfSljRCPnvlgf70Ib9aMOuKts5eqfF3nWGfqASV4iFSggJ1uvgKMOPtLrSvwnWRj'], 'submitMode': ['execute']}>
INFO:root:dict_keys(['petenText', 'pythonText', 'csrfmiddlewaretoken', 'submitMode'])
INFO:root:<QueryDict: {'petenText': ['ברכה="שלום, עולם!"\r\nלהדפיס ברכה\r\n\r\n### PETEN TRANSLATION COMMENTS ###\r\n# ברכה = greeting\r\n'], 'pythonText': ['# coding=UTF-8\r\ngreeting="שלום, עולם!"\r\nprint greeting\r\n\r\n### PETEN TRANSLATION COMMENTS ###\r\n# ברכה = greeting\r\n'], 'csrfmiddlewaretoken': ['LHgTDBHFq28MP4GJPGgRDdiwiL1z9HT0S8DYUC0UlcFMQGHv9NQRDy1OhyiFhYHW'], 'submitMode': ['convert']}>
INFO:root:dict_keys(['petenText', 'pythonText', 'csrfmiddlewaretoken', 'submitMode'])
INFO:root:<QueryDict: {'petenText': ['ברכה="שלום, עולם!"\r\nלהדפיס ברכה\r\n\r\n### PETEN TRANSLATION COMMENTS ###\r\n# ברכה = greeting\r\n'], 'pythonText': ['# coding=UTF-8\r\ngreeting="שלום, עולם!"\r\nprint greeting\r\n\r\n### PETEN TRANSLATION COMMENTS ###\r\n# ברכה = greeting\r\n'], 'csrfmiddlewaretoken': ['1EnlFOCu2G6OiWsqFIjTvigwBTpNueXE85KqWPVJXQDOjytcZPTTvDZOAGGTCvLA'], 'submitMode': ['execute']}>
INFO:root:dict_keys(['petenText', 'pythonText', 'csrfmiddlewaretoken', 'submitMode'])
DEBUG:root:This message should go to the log file
INFO:root:So should this
WARNING:root:And this, too
INFO:root:<QueryDict: {'pythonText': [''], 'petenText': ['ברכה="שלום, עולם!"\r\nלהדפיס ברכה\r\n\r\n### PETEN TRANSLATION COMMENTS ###\r\n# ברכה = greeting\r\n'], 'submitMode': ['convert'], 'csrfmiddlewaretoken': ['0SpldFSRLZaneiJPQ8TQyRoQm6Q1P60y7jMquGb6G9HnfUKBaftQyc78lT77XnOu']}>
INFO:root:dict_keys(['pythonText', 'petenText', 'submitMode', 'csrfmiddlewaretoken'])
INFO:root:<QueryDict: {'pythonText': ['# coding=UTF-8\r\ngreeting="שלום, עולם!"\r\nprint greeting\r\n\r\n### PETEN TRANSLATION COMMENTS ###\r\n# ברכה = greeting\r\n'], 'petenText': ['ברכה="שלום, עולם!"\r\nלהדפיס ברכה\r\n\r\n### PETEN TRANSLATION COMMENTS ###\r\n# ברכה = greeting\r\n'], 'submitMode': ['execute'], 'csrfmiddlewaretoken': ['yFHxhhOtQlMgDwH0dr6fjbpXi6zcIpv2F64Cyi7ILvjgE8IMxyGfjw8fhTQiQGjY']}>
INFO:root:dict_keys(['pythonText', 'petenText', 'submitMode', 'csrfmiddlewaretoken'])
DEBUG:root:This message should go to the log file
INFO:root:So should this
WARNING:root:And this, too
INFO:root:<QueryDict: {'csrfmiddlewaretoken': ['AXMk5zjOV9OobahuTjxnBZdCiiPdl0knHo9pmAC3QjlocMigdq7nBkWUh56jth8j'], 'petenText': ['ברכה="שלום, עולם!"\r\nלהדפיס ברכה\r\n\r\n### PETEN TRANSLATION COMMENTS ###\r\n# ברכה = greeting\r\n'], 'pythonText': [''], 'submitMode': ['convert']}>
INFO:root:dict_keys(['csrfmiddlewaretoken', 'petenText', 'pythonText', 'submitMode'])
INFO:root:<QueryDict: {'csrfmiddlewaretoken': ['wbozgk3uBsVwq16LrkXltnpi5EGzZI3tDCLExlmJwCswrD7xLrxltI8A4rXF7ZRp'], 'petenText': ['ברכה="שלום, עולם!"\r\nלהדפיס ברכה\r\n\r\n### PETEN TRANSLATION COMMENTS ###\r\n# ברכה = greeting\r\n'], 'pythonText': ['# coding=UTF-8\r\ngreeting="שלום, עולם!"\r\nprint greeting\r\n\r\n### PETEN TRANSLATION COMMENTS ###\r\n# ברכה = greeting\r\n'], 'submitMode': ['execute']}>
INFO:root:dict_keys(['csrfmiddlewaretoken', 'petenText', 'pythonText', 'submitMode'])
DEBUG:root:This message should go to the log file
INFO:root:So should this
WARNING:root:And this, too
INFO:root:<QueryDict: {'submitMode': ['convert'], 'petenText': ['ברכה="שלום, עולם!"\r\nלהדפיס(ברכה)\r\n\r\n### PETEN TRANSLATION COMMENTS ###\r\n# ברכה = greeting\r\n'], 'csrfmiddlewaretoken': ['ftpYVp4t6JHWMirUEyBdAZsYApZpdirymUM3cqnI1TeWNUsGYFbdAkbgzcgvlzfu'], 'pythonText': ['']}>
INFO:root:dict_keys(['submitMode', 'petenText', 'csrfmiddlewaretoken', 'pythonText'])
INFO:root:<QueryDict: {'submitMode': ['convert'], 'petenText': ['ברכה="שלום, עולם!"\r\nלהדפיס ברכה\r\n\r\n### PETEN TRANSLATION COMMENTS ###\r\n# ברכה = greeting\r\n'], 'csrfmiddlewaretoken': ['aKPH8GE7XMSuplKqXx7ckVhl3UhwOxm5hbcMpHXmSWpuqXLchEHckg0D2HyCWOa1'], 'pythonText': ['# coding=UTF-8\r\ngreeting="שלום, עולם!"\r\nprint(greeting)\r\n\r\n### PETEN TRANSLATION COMMENTS ###\r\n# ברכה = greeting\r\n']}>
INFO:root:dict_keys(['submitMode', 'petenText', 'csrfmiddlewaretoken', 'pythonText'])
INFO:root:<QueryDict: {'submitMode': ['execute'], 'petenText': ['ברכה="שלום, עולם!"\r\nלהדפיס ברכה\r\n\r\n### PETEN TRANSLATION COMMENTS ###\r\n# ברכה = greeting\r\n'], 'csrfmiddlewaretoken': ['ao0wLsLXvOe8JmTVnbl498qHoRgJsUGwhPnB2t4cqYL8KYUHHiV49t9ZnExPAbus'], 'pythonText': ['# coding=UTF-8\r\ngreeting="שלום, עולם!"\r\nprint greeting\r\n\r\n### PETEN TRANSLATION COMMENTS ###\r\n# ברכה = greeting\r\n']}>
INFO:root:dict_keys(['submitMode', 'petenText', 'csrfmiddlewaretoken', 'pythonText'])
DEBUG:root:This message should go to the log file
INFO:root:So should this
WARNING:root:And this, too
INFO:root:<QueryDict: {'submitMode': ['convert'], 'petenText': ['ברכה="שלום, עולם!"\r\nלהדפיס(ברכה)\r\n\r\n### PETEN TRANSLATION COMMENTS ###\r\n# ברכה = greeting\r\n'], 'pythonText': [''], 'csrfmiddlewaretoken': ['9ZC4NVefOU5AsRswrlMmKRAHPyFLTOhxgqZ94WxuJ4CAtttiLsmmKcjZOlWR155t']}>
INFO:root:dict_keys(['submitMode', 'petenText', 'pythonText', 'csrfmiddlewaretoken'])
INFO:root:<QueryDict: {'submitMode': ['execute'], 'petenText': ['ברכה="שלום, עולם!"\r\nלהדפיס(ברכה)\r\n\r\n### PETEN TRANSLATION COMMENTS ###\r\n# ברכה = greeting\r\n'], 'pythonText': ['# coding=UTF-8\r\ngreeting="שלום, עולם!"\r\nprint(greeting)\r\n\r\n### PETEN TRANSLATION COMMENTS ###\r\n# ברכה = greeting\r\n'], 'csrfmiddlewaretoken': ['13NVneb6w38VKebrqFX9izkqV9u3tm4J8ua0EfulrdFVLQcdKMx9iU3IUWL9BDSF']}>
INFO:root:dict_keys(['submitMode', 'petenText', 'pythonText', 'csrfmiddlewaretoken'])
INFO:root:<QueryDict: {'submitMode': ['convert'], 'petenText': ['ברכה="שלום, עולם!"\r\nלהדפיס(ברכה)\r\n\r\n### PETEN TRANSLATION COMMENTS ###\r\n# ברכה = greeting\r\n'], 'pythonText': [''], 'csrfmiddlewaretoken': ['QYVFarh36mPXR4VrhZ10gQz06Df3BzUDXpiKrsAi1wmXSGWdB6B0gbii5qw9JQIz']}>
INFO:root:dict_keys(['submitMode', 'petenText', 'pythonText', 'csrfmiddlewaretoken'])
INFO:root:<QueryDict: {'submitMode': ['execute'], 'petenText': ['ברכה="שלום, עולם!"\r\nלהדפיס(ברכה)\r\n\r\n### PETEN TRANSLATION COMMENTS ###\r\n# ברכה = greeting\r\n'], 'pythonText': ['# coding=UTF-8\r\ngreeting="שלום, עולם!"\r\nprint(greeting)\r\n\r\n### PETEN TRANSLATION COMMENTS ###\r\n# ברכה = greeting\r\n'], 'csrfmiddlewaretoken': ['tJ67nQYZAx4DmZgkVVGKBLLwlziQplUwAatcERhevHBDnBh6f2gKB6uOkmzWxCIs']}>
INFO:root:dict_keys(['submitMode', 'petenText', 'pythonText', 'csrfmiddlewaretoken'])
DEBUG:root:This message should go to the log file
INFO:root:So should this
WARNING:root:And this, too
INFO:root:<QueryDict: {'submitMode': ['convert'], 'csrfmiddlewaretoken': ['UrI1K9vuB7ueV0DD8Zez530977ctrqwU1S561aOJwh1eWCEps6Oz5oJr6UtzzHkQ'], 'petenText': ['ברכה="שלום, עולם!"\r\nלהדפיס ברכה\r\n\r\n### PETEN TRANSLATION COMMENTS ###\r\n# ברכה = greeting\r\n'], 'pythonText': ['']}>
INFO:root:dict_keys(['submitMode', 'csrfmiddlewaretoken', 'petenText', 'pythonText'])
INFO:root:<QueryDict: {'submitMode': ['execute'], 'csrfmiddlewaretoken': ['nv3NYRwaXYF4JCw56faEWKfMh9v8Ad6buWqSfSPpS8c4KexRqmKEW5Y4gWMeIuU7'], 'petenText': ['ברכה="שלום, עולם!"\r\nלהדפיס ברכה\r\n\r\n### PETEN TRANSLATION COMMENTS ###\r\n# ברכה = greeting\r\n'], 'pythonText': ['# coding=UTF-8\r\ngreeting="שלום, עולם!"\r\nprint greeting\r\n\r\n### PETEN TRANSLATION COMMENTS ###\r\n# ברכה = greeting\r\n']}>
INFO:root:dict_keys(['submitMode', 'csrfmiddlewaretoken', 'petenText', 'pythonText'])
INFO:root:Execute1
INFO:root:Execute2
INFO:root:Execute3
INFO:root:OUT:
INFO:root:ExecuteError1
INFO:root:ExecuteError2
DEBUG:root:This message should go to the log file
INFO:root:So should this
WARNING:root:And this, too
INFO:root:<QueryDict: {'csrfmiddlewaretoken': ['KFil9Wp7XY65gxIje63RE2keQs5BZrgGR6FqqXImS8D5h9J5ydDREn3wPfmH7I4C'], 'pythonText': [''], 'submitMode': ['convert'], 'petenText': ['ברכה="שלום, עולם!"\r\nלהדפיס(ברכה)\r\n\r\n### PETEN TRANSLATION COMMENTS ###\r\n# ברכה = greeting\r\n']}>
INFO:root:dict_keys(['csrfmiddlewaretoken', 'pythonText', 'submitMode', 'petenText'])
INFO:root:<QueryDict: {'csrfmiddlewaretoken': ['jJHYFWPE9OUeaeVT5qO4u51hs5CbW7j9qa43WX8T4YrebQWFpxo4uqKzrSTh4o75'], 'pythonText': ['# coding=UTF-8\r\ngreeting="שלום, עולם!"\r\nprint(greeting)\r\n\r\n### PETEN TRANSLATION COMMENTS ###\r\n# ברכה = greeting\r\n'], 'submitMode': ['execute'], 'petenText': ['ברכה="שלום, עולם!"\r\nלהדפיס(ברכה)\r\n\r\n### PETEN TRANSLATION COMMENTS ###\r\n# ברכה = greeting\r\n']}>
INFO:root:dict_keys(['csrfmiddlewaretoken', 'pythonText', 'submitMode', 'petenText'])
INFO:root:Execute1
INFO:root:Execute2
INFO:root:Execute3
INFO:root:ERR:
INFO:root:<QueryDict: {'csrfmiddlewaretoken': ['3Q7t9L6srTkJWD3jFmCR7PDSlNJDSYwZahuyqMpHm3RJXf45ZtcR7amakA0J0fkV'], 'pythonText': ['# coding=UTF-8\r\ngreeting="שלום, עולם!"\r\nprint(greeting)\r\n\r\n### PETEN TRANSLATION COMMENTS ###\r\n# ברכה = greeting\r\n'], 'submitMode': ['convert'], 'petenText': ['ברכה="שלום, עולם!"\r\nלהדפיס(ברכה)\r\n\r\n### PETEN TRANSLATION COMMENTS ###\r\n# ברכה = greeting\r\n']}>
INFO:root:dict_keys(['csrfmiddlewaretoken', 'pythonText', 'submitMode', 'petenText'])
INFO:root:<QueryDict: {'csrfmiddlewaretoken': ['cbyjtYMtptEHK70Te3XmgLt46L8mZCjxjCVoKZ5IkDbHLJ1Fyaxmg6cm5yps7T7t'], 'pythonText': ['# coding=UTF-8\r\ngreeting="שלום, עולם!"\r\nprint(greeting)\r\n\r\n### PETEN TRANSLATION COMMENTS ###\r\n# ברכה = greeting\r\n'], 'submitMode': ['execute'], 'petenText': ['ברכה="שלום, עולם!"\r\nלהדפיס(ברכה)\r\n\r\n### PETEN TRANSLATION COMMENTS ###\r\n# ברכה = greeting\r\n']}>
INFO:root:dict_keys(['csrfmiddlewaretoken', 'pythonText', 'submitMode', 'petenText'])
INFO:root:Execute1
INFO:root:Execute2
INFO:root:Execute3
INFO:root:ERR:
DEBUG:root:This message should go to the log file
INFO:root:So should this
WARNING:root:And this, too
INFO:root:<QueryDict: {'submitMode': ['convert'], 'csrfmiddlewaretoken': ['zyoqmnwhviZMbkbVGAicuW8ETLRxhaMbGZLvDoPwqswMcWcH0HScuhRWSy8DprA7'], 'pythonText': [''], 'petenText': ['ברכה="שלום, עולם!"\r\nלהדפיס(ברכה)\r\n\r\n### PETEN TRANSLATION COMMENTS ###\r\n# ברכה = greeting\r\n']}>
INFO:root:dict_keys(['submitMode', 'csrfmiddlewaretoken', 'pythonText', 'petenText'])
INFO:root:<QueryDict: {'submitMode': ['execute'], 'csrfmiddlewaretoken': ['WKdy1sxYaJqaFrtoIgMn2HLeAcsduUAA3bADitQd5TXaG3ua2nmn22uwzZJjCbow'], 'pythonText': ['# coding=UTF-8\r\ngreeting="שלום, עולם!"\r\nprint(greeting)\r\n\r\n### PETEN TRANSLATION COMMENTS ###\r\n# ברכה = greeting\r\n'], 'petenText': ['ברכה="שלום, עולם!"\r\nלהדפיס(ברכה)\r\n\r\n### PETEN TRANSLATION COMMENTS ###\r\n# ברכה = greeting\r\n']}>
INFO:root:dict_keys(['submitMode', 'csrfmiddlewaretoken', 'pythonText', 'petenText'])
INFO:root:Execute1
INFO:root:Execute2
INFO:root:Execute3
INFO:root:ERR:
INFO:root:<QueryDict: {'submitMode': ['convert'], 'csrfmiddlewaretoken': ['PAAFTb1Em1wXPOJwIKqTnxurj2DvDG0RW1XKackThb3XQqKi2R0TnSdJiPUBLXON'], 'pythonText': ['# coding=UTF-8\r\ngreeting="שלום, עולם!"\r\nprint(greeting)\r\n\r\n### PETEN TRANSLATION COMMENTS ###\r\n# ברכה = greeting\r\n'], 'petenText': ['ברכה="שלום, עולם!"\r\nלהדפיס ברכה\r\n\r\n### PETEN TRANSLATION COMMENTS ###\r\n# ברכה = greeting\r\n']}>
INFO:root:dict_keys(['submitMode', 'csrfmiddlewaretoken', 'pythonText', 'petenText'])
INFO:root:<QueryDict: {'submitMode': ['execute'], 'csrfmiddlewaretoken': ['XkRLIwaVwNUTEUD6BdBAFi9fsmenCccu4LeQZxtarXrTFwESVkbAFDSxr9vtKt0q'], 'pythonText': ['# coding=UTF-8\r\ngreeting="שלום, עולם!"\r\nprint greeting\r\n\r\n### PETEN TRANSLATION COMMENTS ###\r\n# ברכה = greeting\r\n'], 'petenText': ['ברכה="שלום, עולם!"\r\nלהדפיס ברכה\r\n\r\n### PETEN TRANSLATION COMMENTS ###\r\n# ברכה = greeting\r\n']}>
INFO:root:dict_keys(['submitMode', 'csrfmiddlewaretoken', 'pythonText', 'petenText'])
INFO:root:Execute1
INFO:root:Execute2
INFO:root:Execute3
INFO:root:ERR:  File "./my_code.py", line 3
    print greeting
                 ^
SyntaxError: Missing parentheses in call to 'print'. Did you mean print(greeting)?

INFO:root:<QueryDict: {'submitMode': ['convert'], 'csrfmiddlewaretoken': ['JcmtjWVicqV4o08CdB9Re2m3ltQY4qXLQDJyAXex7As4pC9oxIJRen5lkg74cHLH'], 'pythonText': ['# coding=UTF-8\r\ngreeting="שלום, עולם!"\r\nprint greeting\r\n\r\n### PETEN TRANSLATION COMMENTS ###\r\n# ברכה = greeting\r\n'], 'petenText': ['ברכה="שלום, עולם!"\r\nלהדפיס(ברכה)\r\n\r\n### PETEN TRANSLATION COMMENTS ###\r\n# ברכה = greeting\r\n']}>
INFO:root:dict_keys(['submitMode', 'csrfmiddlewaretoken', 'pythonText', 'petenText'])
INFO:root:<QueryDict: {'submitMode': ['execute'], 'csrfmiddlewaretoken': ['poNdgyNM2293ZiwnDrKYbUaWxUpSn8ClwPaixz61XcG30Ux9XykYbfTewHGYvpqh'], 'pythonText': ['# coding=UTF-8\r\ngreeting="שלום, עולם!"\r\nprint(greeting)\r\n\r\n### PETEN TRANSLATION COMMENTS ###\r\n# ברכה = greeting\r\n'], 'petenText': ['ברכה="שלום, עולם!"\r\nלהדפיס(ברכה)\r\n\r\n### PETEN TRANSLATION COMMENTS ###\r\n# ברכה = greeting\r\n']}>
INFO:root:dict_keys(['submitMode', 'csrfmiddlewaretoken', 'pythonText', 'petenText'])
INFO:root:Execute1
INFO:root:Execute2
INFO:root:Execute3
INFO:root:ERR:
DEBUG:root:This message should go to the log file
INFO:root:So should this
WARNING:root:And this, too
INFO:root:<QueryDict: {'pythonText': [''], 'petenText': ['ברכה="שלום, עולם!"\r\nלהדפיס(ברכה)\r\n\r\n### PETEN TRANSLATION COMMENTS ###\r\n# ברכה = greeting\r\n'], 'csrfmiddlewaretoken': ['mxHUXKlAPN35Ecz7h6oI3JPPKnravNjvtY4ZeLEPKXA5FOATBdYI34y7JaIgD47r'], 'submitMode': ['convert']}>
INFO:root:dict_keys(['pythonText', 'petenText', 'csrfmiddlewaretoken', 'submitMode'])
INFO:root:<QueryDict: {'pythonText': ['# coding=UTF-8\r\ngreeting="שלום, עולם!"\r\nprint(greeting)\r\n\r\n### PETEN TRANSLATION COMMENTS ###\r\n# ברכה = greeting\r\n'], 'petenText': ['ברכה="שלום, עולם!"\r\nלהדפיס(ברכה)\r\n\r\n### PETEN TRANSLATION COMMENTS ###\r\n# ברכה = greeting\r\n'], 'csrfmiddlewaretoken': ['dF2QYBuRO2v82o6F7Va29RpNxEuriVEyk6pVfCN6Jc28307rr2K29c85wrLxqcsu'], 'submitMode': ['execute']}>
INFO:root:dict_keys(['pythonText', 'petenText', 'csrfmiddlewaretoken', 'submitMode'])
INFO:root:Execute1
INFO:root:Execute2
INFO:root:Execute3
INFO:root:ExecuteError1
INFO:root:ExecuteError2
DEBUG:root:This message should go to the log file
INFO:root:So should this
WARNING:root:And this, too
INFO:root:<QueryDict: {'csrfmiddlewaretoken': ['VHgepPMGxxoDZHR4FtsfHWSmqRrRpamA28DjGQ5VsHVD0jSQZA2fHhBEpEIXxraw'], 'pythonText': [''], 'submitMode': ['convert'], 'petenText': ['ברכה="שלום, עולם!"\r\nלהדפיס(ברכה)\r\n\r\n### PETEN TRANSLATION COMMENTS ###\r\n# ברכה = greeting\r\n']}>
INFO:root:dict_keys(['csrfmiddlewaretoken', 'pythonText', 'submitMode', 'petenText'])
INFO:root:<QueryDict: {'csrfmiddlewaretoken': ['d4H2WrjVrzqxpbChNqQDACoBMBtd4YR2kv47dsCamJXxqND37xqDAX7TLoKjcfFY'], 'pythonText': ['# coding=UTF-8\r\ngreeting="שלום, עולם!"\r\nprint(greeting)\r\n\r\n### PETEN TRANSLATION COMMENTS ###\r\n# ברכה = greeting\r\n'], 'submitMode': ['execute'], 'petenText': ['ברכה="שלום, עולם!"\r\nלהדפיס(ברכה)\r\n\r\n### PETEN TRANSLATION COMMENTS ###\r\n# ברכה = greeting\r\n']}>
INFO:root:dict_keys(['csrfmiddlewaretoken', 'pythonText', 'submitMode', 'petenText'])
INFO:root:Execute1
INFO:root:Execute2
INFO:root:Execute3
INFO:root:OUT:שלום, עולם!

INFO:root:<QueryDict: {'csrfmiddlewaretoken': ['JR66kSPHU2VSdJp907wi4Ux8m2y3NlyQQitbBT8WPcsSelqVke6i4fgqlPP9VCmM'], 'pythonText': ['# coding=UTF-8\r\ngreeting="שלום, עולם!"\r\nprint(greeting)\r\n\r\n### PETEN TRANSLATION COMMENTS ###\r\n# ברכה = greeting\r\n'], 'submitMode': ['convert'], 'petenText': ['ברכה="שלום, עולם!"\r\nלהדפיס ברכה\r\n\r\n### PETEN TRANSLATION COMMENTS ###\r\n# ברכה = greeting\r\n']}>
INFO:root:dict_keys(['csrfmiddlewaretoken', 'pythonText', 'submitMode', 'petenText'])
INFO:root:<QueryDict: {'csrfmiddlewaretoken': ['SSSxsUDTi8vkKHJfhu1o6gawmF4bHtLTZjfCJVW8di2kLjK1BBBo6BTOlslhPKzP'], 'pythonText': ['# coding=UTF-8\r\ngreeting="שלום, עולם!"\r\nprint greeting\r\n\r\n### PETEN TRANSLATION COMMENTS ###\r\n# ברכה = greeting\r\n'], 'submitMode': ['execute'], 'petenText': ['ברכה="שלום, עולם!"\r\nלהדפיס ברכה\r\n\r\n### PETEN TRANSLATION COMMENTS ###\r\n# ברכה = greeting\r\n']}>
INFO:root:dict_keys(['csrfmiddlewaretoken', 'pythonText', 'submitMode', 'petenText'])
INFO:root:Execute1
INFO:root:Execute2
INFO:root:Execute3
INFO:root:ExecuteError1
INFO:root:ExecuteError2
DEBUG:root:This message should go to the log file
INFO:root:So should this
WARNING:root:And this, too
INFO:root:<QueryDict: {'csrfmiddlewaretoken': ['RREiMH488OvnRIwOSXa20ju6nlYGTgPiYi1n3Inn3Y2nSkxAc4K20Edom8fM1xDe'], 'petenText': ['ברכה="שלום, עולם!"\r\nלהדפיס(ברכה)\r\n\r\n### PETEN TRANSLATION COMMENTS ###\r\n# ברכה = greeting\r\n'], 'submitMode': ['convert'], 'pythonText': ['']}>
INFO:root:dict_keys(['csrfmiddlewaretoken', 'petenText', 'submitMode', 'pythonText'])
INFO:root:<QueryDict: {'csrfmiddlewaretoken': ['9HThQwjHiJVFSgd28ArUT1tyml277Aw5g8gm7xCWdTsFTSeOsH1UTmcQl8jdfRk1'], 'petenText': ['ברכה="שלום, עולם!"\r\nלהדפיס(ברכה)\r\n\r\n### PETEN TRANSLATION COMMENTS ###\r\n# ברכה = greeting\r\n'], 'submitMode': ['execute'], 'pythonText': ['# coding=UTF-8\r\ngreeting="שלום, עולם!"\r\nprint(greeting)\r\n\r\n### PETEN TRANSLATION COMMENTS ###\r\n# ברכה = greeting\r\n']}>
INFO:root:dict_keys(['csrfmiddlewaretoken', 'petenText', 'submitMode', 'pythonText'])
INFO:root:Execute1
INFO:root:Execute2
INFO:root:Execute3
INFO:root:OUT:שלום, עולם!

INFO:root:<QueryDict: {'csrfmiddlewaretoken': ['QAxhacRDYwo0RFN4B4ftKHUD0iHz5JDnX1UmrdaSTGV0ShOQVbPtK2DVZ5YFd0rj'], 'petenText': ['ברכה="שלום, עולם!"\r\nלהדפיס ברכה\r\n\r\n### PETEN TRANSLATION COMMENTS ###\r\n# ברכה = greeting\r\n'], 'submitMode': ['convert'], 'pythonText': ['# coding=UTF-8\r\ngreeting="שלום, עולם!"\r\nprint(greeting)\r\n\r\n### PETEN TRANSLATION COMMENTS ###\r\n# ברכה = greeting\r\n']}>
INFO:root:dict_keys(['csrfmiddlewaretoken', 'petenText', 'submitMode', 'pythonText'])
INFO:root:<QueryDict: {'csrfmiddlewaretoken': ['tjKJkQeo4ivVFM3kwgGK9X7ZA0rG9XOdAK7OBRxDZs2VGo46QngK9iQhzNIMheC9'], 'petenText': ['ברכה="שלום, עולם!"\r\nלהדפיס ברכה\r\n\r\n### PETEN TRANSLATION COMMENTS ###\r\n# ברכה = greeting\r\n'], 'submitMode': ['execute'], 'pythonText': ['# coding=UTF-8\r\ngreeting="שלום, עולם!"\r\nprint greeting\r\n\r\n### PETEN TRANSLATION COMMENTS ###\r\n# ברכה = greeting\r\n']}>
INFO:root:dict_keys(['csrfmiddlewaretoken', 'petenText', 'submitMode', 'pythonText'])
INFO:root:Execute1
INFO:root:Execute2
INFO:root:Execute3
INFO:root:ERR:  File "./my_code.py", line 3
    print greeting
                 ^
SyntaxError: Missing parentheses in call to 'print'. Did you mean print(greeting)?

DEBUG:root:This message should go to the log file
INFO:root:So should this
WARNING:root:And this, too
INFO:root:<QueryDict: {'petenText': ['ברכה="שלום, עולם!"\r\nלהדפיס(ברכה)\r\n\r\n### PETEN TRANSLATION COMMENTS ###\r\n# ברכה = greeting\r\n'], 'submitMode': ['convert'], 'csrfmiddlewaretoken': ['EuzAbTANwS8t0NodygB1uCWcGuQ2FLUELVWFsUT2r2Ft1ppZSnb1uXFuFh78N2IA'], 'pythonText': ['']}>
INFO:root:dict_keys(['petenText', 'submitMode', 'csrfmiddlewaretoken', 'pythonText'])
INFO:root:<QueryDict: {'petenText': ['ברכה="שלום, עולם!"\r\nלהדפיס(ברכה)\r\n\r\n### PETEN TRANSLATION COMMENTS ###\r\n# ברכה = greeting\r\n'], 'submitMode': ['execute'], 'csrfmiddlewaretoken': ['ScsjvOkphNy2FxObscXBGdvmdhLSmkq7ZDPoMPDEcX52G9PXMjxBGyeEc42YuBe3'], 'pythonText': ['# coding=UTF-8\r\ngreeting="שלום, עולם!"\r\nprint(greeting)\r\n\r\n### PETEN TRANSLATION COMMENTS ###\r\n# ברכה = greeting\r\n']}>
INFO:root:dict_keys(['petenText', 'submitMode', 'csrfmiddlewaretoken', 'pythonText'])
INFO:root:Execute1
INFO:root:Execute2
INFO:root:Execute3
INFO:root:OUT:שלום, עולם!

INFO:root:<QueryDict: {'petenText': ['ברכה="שלום, עולם!"\r\nלהדפיס ברכה\r\n\r\n### PETEN TRANSLATION COMMENTS ###\r\n# ברכה = greeting\r\n'], 'submitMode': ['convert'], 'csrfmiddlewaretoken': ['yYjPniBHgU9Dc9QtgqIxP7uTlLRjmrKPFpGUEjUWb4GDdLRfAxixPsdbky8puIyL'], 'pythonText': ['# coding=UTF-8\r\ngreeting="שלום, עולם!"\r\nprint(greeting)\r\n\r\n### PETEN TRANSLATION COMMENTS ###\r\n# ברכה = greeting\r\n']}>
INFO:root:dict_keys(['petenText', 'submitMode', 'csrfmiddlewaretoken', 'pythonText'])
INFO:root:<QueryDict: {'petenText': ['ברכה="שלום, עולם!"\r\nלהדפיס ברכה\r\n\r\n### PETEN TRANSLATION COMMENTS ###\r\n# ברכה = greeting\r\n'], 'submitMode': ['execute'], 'csrfmiddlewaretoken': ['N9Il8OQJC2HMlHJVLWb5JB1urdTckY4NUA5qpP9YxceMmjKH53L5JWKMq0aisfSJ'], 'pythonText': ['# coding=UTF-8\r\ngreeting="שלום, עולם!"\r\nprint greeting\r\n\r\n### PETEN TRANSLATION COMMENTS ###\r\n# ברכה = greeting\r\n']}>
INFO:root:dict_keys(['petenText', 'submitMode', 'csrfmiddlewaretoken', 'pythonText'])
INFO:root:Execute1
INFO:root:Execute2
INFO:root:Execute3
INFO:root:ERR:  File "./my_code.py", line 3
    print greeting
                 ^
SyntaxError: Missing parentheses in call to 'print'. Did you mean print(greeting)?

INFO:root:<QueryDict: {'petenText': ['ברכה="שלום, עולם!"\r\nלקבל_קלט("מה קורה?")\r\n\r\n### PETEN TRANSLATION COMMENTS ###\r\n# ברכה = greeting\r\n'], 'submitMode': ['convert'], 'csrfmiddlewaretoken': ['YeVtuTTOQIDqVO3HizxBk2ZR6QBs0Dy25FiyLUc3LSaqWq4tCG7BknI95DSy8UmY'], 'pythonText': ['# coding=UTF-8\r\ngreeting="שלום, עולם!"\r\nprint greeting\r\n\r\n### PETEN TRANSLATION COMMENTS ###\r\n# ברכה = greeting\r\n']}>
INFO:root:dict_keys(['petenText', 'submitMode', 'csrfmiddlewaretoken', 'pythonText'])
INFO:root:<QueryDict: {'petenText': ['ברכה="שלום, עולם!"\r\nלקבל_קלט("מה קורה?")\r\n\r\n### PETEN TRANSLATION COMMENTS ###\r\n# ברכה = greeting\r\n'], 'submitMode': ['execute'], 'csrfmiddlewaretoken': ['kZT51h07CzN8bHZgFfSxzuc8BneCxD3vrqgaiijmxJk8cj02ZmsxzPVqAavIFURr'], 'pythonText': ['# coding=UTF-8\r\ngreeting="שלום, עולם!"\r\ninput("מה קורה?")\r\n\r\n### PETEN TRANSLATION COMMENTS ###\r\n# ברכה = greeting\r\n']}>
INFO:root:dict_keys(['petenText', 'submitMode', 'csrfmiddlewaretoken', 'pythonText'])
INFO:root:Execute1
INFO:root:Execute2
DEBUG:root:This message should go to the log file
INFO:root:So should this
WARNING:root:And this, too
INFO:root:<QueryDict: {'petenText': ['ברכה="שלום, עולם!"\r\nלקבל_קלט("מה קורה?")\r\n\r\n### PETEN TRANSLATION COMMENTS ###\r\n# ברכה = greeting\r\n'], 'submitMode': ['execute'], 'csrfmiddlewaretoken': ['kZT51h07CzN8bHZgFfSxzuc8BneCxD3vrqgaiijmxJk8cj02ZmsxzPVqAavIFURr'], 'pythonText': ['# coding=UTF-8\r\ngreeting="שלום, עולם!"\r\ninput("מה קורה?")\r\n\r\n### PETEN TRANSLATION COMMENTS ###\r\n# ברכה = greeting\r\n']}>
INFO:root:dict_keys(['petenText', 'submitMode', 'csrfmiddlewaretoken', 'pythonText'])
INFO:root:Execute1
INFO:root:Execute2
DEBUG:root:This message should go to the log file
INFO:root:So should this
WARNING:root:And this, too
WARNING:django.request:Not Found: /favicon.ico
WARNING:django.request:Not Found: /favicon.ico
DEBUG:root:This message should go to the log file
INFO:root:So should this
WARNING:root:And this, too
INFO:root:<QueryDict: {'petenText': ['C:\\Program Files;C:\\Winnt;C:\\Winnt\\System32'], 'pythonText': [''], 'csrfmiddlewaretoken': ['fpuBO3RL5oTzSVxiUl3stHF5WsUx4pyYmQRG54a00yqzTxy4esDst2onVfbDcGmU'], 'submitMode': ['convert']}>
INFO:root:dict_keys(['petenText', 'pythonText', 'csrfmiddlewaretoken', 'submitMode'])
ERROR:django.request:Internal Server Error: /
Traceback (most recent call last):
  File "/usr/local/lib/python3.5/dist-packages/django/core/handlers/exception.py", line 35, in inner
    response = get_response(request)
  File "/usr/local/lib/python3.5/dist-packages/django/core/handlers/base.py", line 128, in _get_response
    response = self.process_exception_by_middleware(e, request)
  File "/usr/local/lib/python3.5/dist-packages/django/core/handlers/base.py", line 126, in _get_response
    response = wrapped_callback(request, *callback_args, **callback_kwargs)
  File "/home/lifman/heroku-peten/hello/views.py", line 67, in peten
    context = {"python_text": python_text, "peten_text": peten_text, "output_text": output_text, "submit_mode": submit_mode}
NameError: name 'python_text' is not defined
DEBUG:root:This message should go to the log file
INFO:root:So should this
WARNING:root:And this, too
INFO:root:<QueryDict: {'csrfmiddlewaretoken': ['fpuBO3RL5oTzSVxiUl3stHF5WsUx4pyYmQRG54a00yqzTxy4esDst2onVfbDcGmU'], 'submitMode': ['convert'], 'pythonText': [''], 'petenText': ['C:\\Program Files;C:\\Winnt;C:\\Winnt\\System32']}>
INFO:root:dict_keys(['csrfmiddlewaretoken', 'submitMode', 'pythonText', 'petenText'])
ERROR:django.request:Internal Server Error: /
Traceback (most recent call last):
  File "/usr/local/lib/python3.5/dist-packages/django/core/handlers/exception.py", line 35, in inner
    response = get_response(request)
  File "/usr/local/lib/python3.5/dist-packages/django/core/handlers/base.py", line 128, in _get_response
    response = self.process_exception_by_middleware(e, request)
  File "/usr/local/lib/python3.5/dist-packages/django/core/handlers/base.py", line 126, in _get_response
    response = wrapped_callback(request, *callback_args, **callback_kwargs)
  File "/home/lifman/heroku-peten/hello/views.py", line 68, in peten
    context = {"python_text": python_text, "peten_text": peten_text, "output_text": output_text, "submit_mode": submit_mode}
NameError: name 'submit_mode' is not defined
INFO:root:<QueryDict: {'csrfmiddlewaretoken': ['WAF1gmh4pLNOlKqyU7pH8HL3BllZ2f903126xnAjkVkOmmrkeeZH82ulA8C5awXW'], 'submitMode': ['convert'], 'pythonText': [''], 'petenText': ['C:\\Program Files;C:\\Winnt;C:\\Winnt\\System32']}>
INFO:root:dict_keys(['csrfmiddlewaretoken', 'submitMode', 'pythonText', 'petenText'])
ERROR:django.request:Internal Server Error: /
Traceback (most recent call last):
  File "/usr/local/lib/python3.5/dist-packages/django/core/handlers/exception.py", line 35, in inner
    response = get_response(request)
  File "/usr/local/lib/python3.5/dist-packages/django/core/handlers/base.py", line 128, in _get_response
    response = self.process_exception_by_middleware(e, request)
  File "/usr/local/lib/python3.5/dist-packages/django/core/handlers/base.py", line 126, in _get_response
    response = wrapped_callback(request, *callback_args, **callback_kwargs)
  File "/home/lifman/heroku-peten/hello/views.py", line 68, in peten
    context = {"python_text": python_text, "peten_text": peten_text, "output_text": output_text, "submit_mode": submit_mode}
NameError: name 'submit_mode' is not defined
DEBUG:root:This message should go to the log file
INFO:root:So should this
WARNING:root:And this, too
INFO:root:<QueryDict: {'csrfmiddlewaretoken': ['WAF1gmh4pLNOlKqyU7pH8HL3BllZ2f903126xnAjkVkOmmrkeeZH82ulA8C5awXW'], 'pythonText': [''], 'petenText': ['C:\\Program Files;C:\\Winnt;C:\\Winnt\\System32'], 'submitMode': ['convert']}>
INFO:root:dict_keys(['csrfmiddlewaretoken', 'pythonText', 'petenText', 'submitMode'])
DEBUG:root:This message should go to the log file
INFO:root:So should this
WARNING:root:And this, too
INFO:root:<QueryDict: {'csrfmiddlewaretoken': ['gnJuf57ETXVkx5bvvEcbtOMcDGfZ7yPDnO6zw6qTO7skyHchPLMbt9vuCtw5fPDz'], 'petenText': ['C:\\Program Files;C:\\Winnt;C:\\Winnt\\System32'], 'pythonText': [''], 'submitMode': ['convert']}>
INFO:root:dict_keys(['csrfmiddlewaretoken', 'petenText', 'pythonText', 'submitMode'])
DEBUG:root:This message should go to the log file
INFO:root:So should this
WARNING:root:And this, too
ERROR:django.request:Internal Server Error: /
Traceback (most recent call last):
  File "/usr/local/lib/python3.5/dist-packages/django/core/handlers/exception.py", line 35, in inner
    response = get_response(request)
  File "/usr/local/lib/python3.5/dist-packages/django/core/handlers/base.py", line 113, in _get_response
    resolver_match = resolver.resolve(request.path_info)
  File "/usr/local/lib/python3.5/dist-packages/django/urls/resolvers.py", line 494, in resolve
    for pattern in self.url_patterns:
  File "/usr/local/lib/python3.5/dist-packages/django/utils/functional.py", line 36, in __get__
    res = instance.__dict__[self.name] = self.func(instance)
  File "/usr/local/lib/python3.5/dist-packages/django/urls/resolvers.py", line 536, in url_patterns
    patterns = getattr(self.urlconf_module, "urlpatterns", self.urlconf_module)
  File "/usr/local/lib/python3.5/dist-packages/django/utils/functional.py", line 36, in __get__
    res = instance.__dict__[self.name] = self.func(instance)
  File "/usr/local/lib/python3.5/dist-packages/django/urls/resolvers.py", line 529, in urlconf_module
    return import_module(self.urlconf_name)
  File "/usr/lib/python3.5/importlib/__init__.py", line 126, in import_module
    return _bootstrap._gcd_import(name[level:], package, level)
  File "<frozen importlib._bootstrap>", line 986, in _gcd_import
  File "<frozen importlib._bootstrap>", line 969, in _find_and_load
  File "<frozen importlib._bootstrap>", line 958, in _find_and_load_unlocked
  File "<frozen importlib._bootstrap>", line 673, in _load_unlocked
  File "<frozen importlib._bootstrap_external>", line 665, in exec_module
  File "<frozen importlib._bootstrap>", line 222, in _call_with_frames_removed
  File "/home/lifman/heroku-peten/heroku-peten/urls.py", line 16, in <module>
    url(r'^/peten/real?$', hello.views.peten_real, name='peten'),
AttributeError: module 'hello.views' has no attribute 'peten_real'
DEBUG:root:This message should go to the log file
INFO:root:So should this
WARNING:root:And this, too
WARNING:django.request:Not Found: /real/
WARNING:django.request:Not Found: /peten/real/
WARNING:django.request:Not Found: /real
DEBUG:root:This message should go to the log file
INFO:root:So should this
WARNING:root:And this, too
WARNING:django.request:Not Found: /real
WARNING:django.request:Not Found: /real
WARNING:django.request:Not Found: /peten/real
DEBUG:root:This message should go to the log file
INFO:root:So should this
WARNING:root:And this, too
WARNING:django.request:Not Found: /peten/real
WARNING:django.request:Not Found: /real
WARNING:django.request:Not Found: /peten/real
DEBUG:root:This message should go to the log file
INFO:root:So should this
WARNING:root:And this, too
INFO:root:<QueryDict: {'petenText': ["    url(r'^/real?$', hello.views.peten_real, name='peten'),\r\n"], 'submitMode': ['convert'], 'csrfmiddlewaretoken': ['kw8UJKyYv74NBPZDlCwHstOQrvHO0KvdrXvZ0LRdqhBNCr0pFJ6HsOx8qiYU81j9'], 'pythonText': ['']}>
INFO:root:dict_keys(['petenText', 'submitMode', 'csrfmiddlewaretoken', 'pythonText'])
