DEBUG:root:This message should go to the log file
INFO:root:So should this
WARNING:root:And this, too
WARNING:django.request:Not Found: /favicon.ico
DEBUG:root:This message should go to the log file
INFO:root:So should this
WARNING:root:And this, too
INFO:root:להדפיס("שלום, עולם!")

INFO:root:# coding=UTF-8
INFO:root:להדפיס("שלום, עולם!")

INFO:root:# coding=UTF-8
DEBUG:root:This message should go to the log file
INFO:root:So should this
WARNING:root:And this, too
ERROR:django.request:Internal Server Error: /
Traceback (most recent call last):
  File "/usr/local/lib/python3.5/dist-packages/django/core/handlers/exception.py", line 35, in inner
    response = get_response(request)
  File "/usr/local/lib/python3.5/dist-packages/django/core/handlers/base.py", line 113, in _get_response
    resolver_match = resolver.resolve(request.path_info)
  File "/usr/local/lib/python3.5/dist-packages/django/urls/resolvers.py", line 494, in resolve
    for pattern in self.url_patterns:
  File "/usr/local/lib/python3.5/dist-packages/django/utils/functional.py", line 36, in __get__
    res = instance.__dict__[self.name] = self.func(instance)
  File "/usr/local/lib/python3.5/dist-packages/django/urls/resolvers.py", line 536, in url_patterns
    patterns = getattr(self.urlconf_module, "urlpatterns", self.urlconf_module)
  File "/usr/local/lib/python3.5/dist-packages/django/utils/functional.py", line 36, in __get__
    res = instance.__dict__[self.name] = self.func(instance)
  File "/usr/local/lib/python3.5/dist-packages/django/urls/resolvers.py", line 529, in urlconf_module
    return import_module(self.urlconf_name)
  File "/usr/lib/python3.5/importlib/__init__.py", line 126, in import_module
    return _bootstrap._gcd_import(name[level:], package, level)
  File "<frozen importlib._bootstrap>", line 986, in _gcd_import
  File "<frozen importlib._bootstrap>", line 969, in _find_and_load
  File "<frozen importlib._bootstrap>", line 958, in _find_and_load_unlocked
  File "<frozen importlib._bootstrap>", line 673, in _load_unlocked
  File "<frozen importlib._bootstrap_external>", line 665, in exec_module
  File "<frozen importlib._bootstrap>", line 222, in _call_with_frames_removed
  File "/home/lifman/heroku-peten/heroku-peten/urls.py", line 7, in <module>
    import hello.views
  File "/home/lifman/heroku-peten/hello/views.py", line 14, in <module>
    import peten_commander
ImportError: No module named 'peten_commander'
DEBUG:root:This message should go to the log file
INFO:root:So should this
WARNING:root:And this, too
ERROR:django.request:Internal Server Error: /
Traceback (most recent call last):
  File "/usr/local/lib/python3.5/dist-packages/django/core/handlers/exception.py", line 35, in inner
    response = get_response(request)
  File "/usr/local/lib/python3.5/dist-packages/django/core/handlers/base.py", line 128, in _get_response
    response = self.process_exception_by_middleware(e, request)
  File "/usr/local/lib/python3.5/dist-packages/django/core/handlers/base.py", line 126, in _get_response
    response = wrapped_callback(request, *callback_args, **callback_kwargs)
  File "/home/lifman/heroku-peten/hello/views.py", line 27, in peten
    python_filename = PETEN.process_and_run_no_GUI(peten_filename, debug_mode=True, run_mode=False)
AttributeError: 'Commander' object has no attribute 'process_and_run_no_GUI'
ERROR:django.request:Internal Server Error: /
Traceback (most recent call last):
  File "/usr/local/lib/python3.5/dist-packages/django/core/handlers/exception.py", line 35, in inner
    response = get_response(request)
  File "/usr/local/lib/python3.5/dist-packages/django/core/handlers/base.py", line 128, in _get_response
    response = self.process_exception_by_middleware(e, request)
  File "/usr/local/lib/python3.5/dist-packages/django/core/handlers/base.py", line 126, in _get_response
    response = wrapped_callback(request, *callback_args, **callback_kwargs)
  File "/home/lifman/heroku-peten/hello/views.py", line 27, in peten
    python_filename = PETEN.process_and_run_no_GUI(peten_filename, debug_mode=True, run_mode=False)
AttributeError: 'Commander' object has no attribute 'process_and_run_no_GUI'
DEBUG:root:This message should go to the log file
INFO:root:So should this
WARNING:root:And this, too
INFO:root:להדפיס("שלום, עולם!")

ERROR:django.request:Internal Server Error: /
Traceback (most recent call last):
  File "/usr/local/lib/python3.5/dist-packages/django/core/handlers/exception.py", line 35, in inner
    response = get_response(request)
  File "/usr/local/lib/python3.5/dist-packages/django/core/handlers/base.py", line 128, in _get_response
    response = self.process_exception_by_middleware(e, request)
  File "/usr/local/lib/python3.5/dist-packages/django/core/handlers/base.py", line 126, in _get_response
    response = wrapped_callback(request, *callback_args, **callback_kwargs)
  File "/home/lifman/heroku-peten/hello/views.py", line 30, in peten
    logging.info(python_text)
NameError: name 'python_text' is not defined
DEBUG:root:This message should go to the log file
INFO:root:So should this
WARNING:root:And this, too
INFO:root:להדפיס("שלום, עולם!")

INFO:root:להדפיס("שלום, עולם!")

INFO:root:להדפיס("שלום, עולם!")

INFO:root:להדפיס("שלום, עולם!")

INFO:root:להדפיס("שלום, עולם!")


INFO:root:להדפיס("שלום, עולם!")


DEBUG:root:This message should go to the log file
INFO:root:So should this
WARNING:root:And this, too
INFO:root:להדפיס("שלום, עולם!")

INFO:root:להדפיס("שלום, עולם!")

DEBUG:root:This message should go to the log file
INFO:root:So should this
WARNING:root:And this, too
INFO:root:להדפיס("שלום, עולם!")

INFO:root:להדפיס("שלום, עולם!")

DEBUG:root:This message should go to the log file
INFO:root:So should this
WARNING:root:And this, too
INFO:root:להדפיס("שלום, עולם!")

INFO:root:להדפיס("שלום, עולם!")

DEBUG:root:This message should go to the log file
INFO:root:So should this
WARNING:root:And this, too
INFO:root:להדפיס("שלום, עולם!")

INFO:root:להדפיס("שלום, עולם!")

DEBUG:root:This message should go to the log file
INFO:root:So should this
WARNING:root:And this, too
INFO:root:להדפיס("שלום, עולם!")

INFO:root:להדפיס("שלום, עולם!")

DEBUG:root:This message should go to the log file
INFO:root:So should this
WARNING:root:And this, too
INFO:root:להדפיס("שלום, עולם!")

INFO:root:# coding=UTF-8
print("שלום, עולם!")

### PETEN TRANSLATION COMMENTS ###
### PETEN TRANSLATION COMMENTS #### המונח_בעברית = python_or_english_translation### END OF TRANSLATION COMMENTS ###
### END OF TRANSLATION COMMENTS ###
DEBUG:root:This message should go to the log file
INFO:root:So should this
WARNING:root:And this, too
INFO:root:להדפיס("שלום, עולם!")

INFO:root:# coding=UTF-8
print("שלום, עולם!")

### PETEN TRANSLATION COMMENTS ###
### PETEN TRANSLATION COMMENTS #### המונח_בעברית = python_or_english_translation### END OF TRANSLATION COMMENTS ###
### END OF TRANSLATION COMMENTS ###
DEBUG:root:This message should go to the log file
INFO:root:So should this
WARNING:root:And this, too
ERROR:django.request:Internal Server Error: /
Traceback (most recent call last):
  File "/usr/local/lib/python3.5/dist-packages/django/core/handlers/exception.py", line 35, in inner
    response = get_response(request)
  File "/usr/local/lib/python3.5/dist-packages/django/core/handlers/base.py", line 128, in _get_response
    response = self.process_exception_by_middleware(e, request)
  File "/usr/local/lib/python3.5/dist-packages/django/core/handlers/base.py", line 126, in _get_response
    response = wrapped_callback(request, *callback_args, **callback_kwargs)
  File "/home/lifman/heroku-peten/hello/views.py", line 28, in peten
    context["python_text"] = python_text
UnboundLocalError: local variable 'context' referenced before assignment
DEBUG:root:This message should go to the log file
INFO:root:So should this
WARNING:root:And this, too
INFO:root:להדפיס("שלום, עולם!")

INFO:root:# coding=UTF-8
print("שלום, עולם!")

### PETEN TRANSLATION COMMENTS ###
### PETEN TRANSLATION COMMENTS #### המונח_בעברית = python_or_english_translation### END OF TRANSLATION COMMENTS ###
### END OF TRANSLATION COMMENTS ###
INFO:root:להדפיס("שלום, עולם!")

INFO:root:# coding=UTF-8
print("שלום, עולם!")

### PETEN TRANSLATION COMMENTS ###
### PETEN TRANSLATION COMMENTS #### המונח_בעברית = python_or_english_translation### END OF TRANSLATION COMMENTS ###
### END OF TRANSLATION COMMENTS ###
INFO:root:

INFO:root:# coding=UTF-8


### PETEN TRANSLATION COMMENTS ###
### PETEN TRANSLATION COMMENTS #### המונח_בעברית = python_or_english_translation### END OF TRANSLATION COMMENTS ###
### END OF TRANSLATION COMMENTS ###
INFO:root:

INFO:root:# coding=UTF-8


### PETEN TRANSLATION COMMENTS ###
### PETEN TRANSLATION COMMENTS #### המונח_בעברית = python_or_english_translation### END OF TRANSLATION COMMENTS ###
### END OF TRANSLATION COMMENTS ###
INFO:root:

INFO:root:# coding=UTF-8


### PETEN TRANSLATION COMMENTS ###
### PETEN TRANSLATION COMMENTS #### המונח_בעברית = python_or_english_translation### END OF TRANSLATION COMMENTS ###
### END OF TRANSLATION COMMENTS ###
INFO:root:להדפיס("שלום, עולם!")

INFO:root:# coding=UTF-8
print("שלום, עולם!")

### PETEN TRANSLATION COMMENTS ###
### PETEN TRANSLATION COMMENTS #### המונח_בעברית = python_or_english_translation### END OF TRANSLATION COMMENTS ###
### END OF TRANSLATION COMMENTS ###
INFO:root:ברכה = ("שלום!")
להדפיס(ברכה)


INFO:root:# coding=UTF-8
_word1 = ("שלום!")
print(_word1)


### PETEN TRANSLATION COMMENTS ###
### PETEN TRANSLATION COMMENTS #### המונח_בעברית = python_or_english_translation### END OF TRANSLATION COMMENTS ###
# ברכה = _word1
### END OF TRANSLATION COMMENTS ###
INFO:root:ברכה = ("שלום!")
להדפיס(ברכה)



INFO:root:# coding=UTF-8
_word1 = ("שלום!")
print(_word1)



### PETEN TRANSLATION COMMENTS ###
### PETEN TRANSLATION COMMENTS #### המונח_בעברית = python_or_english_translation### END OF TRANSLATION COMMENTS ###
# ברכה = _word1
### END OF TRANSLATION COMMENTS ###
INFO:root:ברכה = ("שלום!")
להדפיס(ברכה)


### PETEN TRANSLATION COMMENTS ###
ברכה = greeting
### END OF TRANSLATION COMMENTS ###

INFO:root:# coding=UTF-8
_word1 = ("שלום!")
print(_word1)


### PETEN TRANSLATION COMMENTS ###
_word1 = greeting
### END OF TRANSLATION COMMENTS ###

### PETEN TRANSLATION COMMENTS ###
### PETEN TRANSLATION COMMENTS #### המונח_בעברית = python_or_english_translation### END OF TRANSLATION COMMENTS ###
# ברכה = _word1
### END OF TRANSLATION COMMENTS ###
INFO:root:ברכה = ("שלום!")
להדפיס(ברכה)


### PETEN TRANSLATION COMMENTS ###
ברכה = greeting
### END OF TRANSLATION COMMENTS ###


INFO:root:# coding=UTF-8
_word1 = ("שלום!")
print(_word1)


### PETEN TRANSLATION COMMENTS ###
_word1 = greeting
### END OF TRANSLATION COMMENTS ###


### PETEN TRANSLATION COMMENTS ###
### PETEN TRANSLATION COMMENTS #### המונח_בעברית = python_or_english_translation### END OF TRANSLATION COMMENTS ###
# ברכה = _word1
### END OF TRANSLATION COMMENTS ###
INFO:root:ברכה = ("שלום!")
להדפיס(ברכה)


### PETEN TRANSLATION COMMENTS ###
ברכה = greeting
### END OF TRANSLATION COMMENTS ###



INFO:root:# coding=UTF-8
_word1 = ("שלום!")
print(_word1)


### PETEN TRANSLATION COMMENTS ###
_word1 = greeting
### END OF TRANSLATION COMMENTS ###



### PETEN TRANSLATION COMMENTS ###
### PETEN TRANSLATION COMMENTS #### המונח_בעברית = python_or_english_translation### END OF TRANSLATION COMMENTS ###
# ברכה = _word1
### END OF TRANSLATION COMMENTS ###
INFO:root:ברכה = ("שלום!")
להדפיס(ברכה)


### PETEN TRANSLATION COMMENTS ###
ברכה = greeting
### END OF TRANSLATION COMMENTS ###




INFO:root:# coding=UTF-8
_word1 = ("שלום!")
print(_word1)


### PETEN TRANSLATION COMMENTS ###
_word1 = greeting
### END OF TRANSLATION COMMENTS ###




### PETEN TRANSLATION COMMENTS ###
### PETEN TRANSLATION COMMENTS #### המונח_בעברית = python_or_english_translation### END OF TRANSLATION COMMENTS ###
# ברכה = _word1
### END OF TRANSLATION COMMENTS ###
INFO:root:ברכה = ("שלום!")
להדפיס(ברכה)


### PETEN TRANSLATION COMMENTS ###
ברכה = greeting
### END OF TRANSLATION COMMENTS ###





INFO:root:# coding=UTF-8
_word1 = ("שלום!")
print(_word1)


### PETEN TRANSLATION COMMENTS ###
_word1 = greeting
### END OF TRANSLATION COMMENTS ###





### PETEN TRANSLATION COMMENTS ###
### PETEN TRANSLATION COMMENTS #### המונח_בעברית = python_or_english_translation### END OF TRANSLATION COMMENTS ###
# ברכה = _word1
### END OF TRANSLATION COMMENTS ###
INFO:root:ברכה = ("שלום!")
להדפיס(ברכה)


### PETEN TRANSLATION COMMENTS ###
ברכה = greeting
### END OF TRANSLATION COMMENTS ###






INFO:root:# coding=UTF-8
_word1 = ("שלום!")
print(_word1)


### PETEN TRANSLATION COMMENTS ###
_word1 = greeting
### END OF TRANSLATION COMMENTS ###






### PETEN TRANSLATION COMMENTS ###
### PETEN TRANSLATION COMMENTS #### המונח_בעברית = python_or_english_translation### END OF TRANSLATION COMMENTS ###
# ברכה = _word1
### END OF TRANSLATION COMMENTS ###
INFO:root:ברכה = ("שלום!")
להדפיס(ברכה)


### PETEN TRANSLATION COMMENTS ###
ברכה = greeting
### END OF TRANSLATION COMMENTS ###







INFO:root:# coding=UTF-8
_word1 = ("שלום!")
print(_word1)


### PETEN TRANSLATION COMMENTS ###
_word1 = greeting
### END OF TRANSLATION COMMENTS ###







### PETEN TRANSLATION COMMENTS ###
### PETEN TRANSLATION COMMENTS #### המונח_בעברית = python_or_english_translation### END OF TRANSLATION COMMENTS ###
# ברכה = _word1
### END OF TRANSLATION COMMENTS ###
DEBUG:root:This message should go to the log file
INFO:root:So should this
WARNING:root:And this, too
INFO:root:להדפיס("שלום, עולם!")

INFO:root:# coding=UTF-8
print("שלום, עולם!")

### PETEN TRANSLATION COMMENTS ###
### PETEN TRANSLATION COMMENTS #### המונח_בעברית = python_or_english_translation### END OF TRANSLATION COMMENTS ###
### END OF TRANSLATION COMMENTS ###
INFO:root:ברכה = "שלום!"
להדפיס(ברכה)


INFO:root:# coding=UTF-8
_word1 = "שלום!"
print(_word1)


### PETEN TRANSLATION COMMENTS ###
### PETEN TRANSLATION COMMENTS #### המונח_בעברית = python_or_english_translation### END OF TRANSLATION COMMENTS ###
# ברכה = _word1
### END OF TRANSLATION COMMENTS ###
INFO:root:ברכה = "שלום!"
להדפיס(ברכה)


### PETEN TRANSLATION COMMENTS ###
ברכה = greeting
### END OF TRANSLATION COMMENTS ###
INFO:root:# coding=UTF-8
_word1 = "שלום!"
print(_word1)


### PETEN TRANSLATION COMMENTS ###
_word1 = greeting
### END OF TRANSLATION COMMENTS ###
### PETEN TRANSLATION COMMENTS ###
### PETEN TRANSLATION COMMENTS ###
ברכה = greeting
### END OF TRANSLATION COMMENTS ###
# ברכה = _word1
### END OF TRANSLATION COMMENTS ###
INFO:root:ברכה = "שלום!"
להדפיס(ברכה)


### PETEN TRANSLATION COMMENTS ###
greeting = ברכה 
### END OF TRANSLATION COMMENTS ###

INFO:root:# coding=UTF-8
_word1 = "שלום!"
print(_word1)


### PETEN TRANSLATION COMMENTS ###
greeting = _word1 
### END OF TRANSLATION COMMENTS ###

### PETEN TRANSLATION COMMENTS ###
### PETEN TRANSLATION COMMENTS ###
greeting = ברכה 
### END OF TRANSLATION COMMENTS ###

# ברכה = _word1
### END OF TRANSLATION COMMENTS ###
INFO:root:ברכה = "שלום!"
להדפיס(ברכה)


### PETEN TRANSLATION COMMENTS ###
greeting = ברכה 
### END OF TRANSLATION COMMENTS ###


INFO:root:# coding=UTF-8
_word1 = "שלום!"
print(_word1)


### PETEN TRANSLATION COMMENTS ###
greeting = _word1 
### END OF TRANSLATION COMMENTS ###


### PETEN TRANSLATION COMMENTS ###
### PETEN TRANSLATION COMMENTS ###
greeting = ברכה 
### END OF TRANSLATION COMMENTS ###


# ברכה = _word1
### END OF TRANSLATION COMMENTS ###
INFO:root:ברכה = "שלום!"
להדפיס(ברכה)


### PETEN TRANSLATION COMMENTS ###
greeting = ברכה 
### END OF TRANSLATION COMMENTS ###



INFO:root:# coding=UTF-8
_word1 = "שלום!"
print(_word1)


### PETEN TRANSLATION COMMENTS ###
greeting = _word1 
### END OF TRANSLATION COMMENTS ###



### PETEN TRANSLATION COMMENTS ###
### PETEN TRANSLATION COMMENTS ###
greeting = ברכה 
### END OF TRANSLATION COMMENTS ###



# ברכה = _word1
### END OF TRANSLATION COMMENTS ###
INFO:root:להדפיס("שלום, עולם!")

INFO:root:# coding=UTF-8
print("שלום, עולם!")

### PETEN TRANSLATION COMMENTS ###
### PETEN TRANSLATION COMMENTS #### המונח_בעברית = python_or_english_translation### END OF TRANSLATION COMMENTS ###
### END OF TRANSLATION COMMENTS ###
INFO:root:ברכה = "שלום!"
להדפיס(ברכה)

### PETEN TRANSLATION COMMENTS ###
greeting=ברכה
INFO:root:# coding=UTF-8
_word1 = "שלום!"
print(_word1)

### PETEN TRANSLATION COMMENTS ###
greeting=_word1
### PETEN TRANSLATION COMMENTS ###
### PETEN TRANSLATION COMMENTS ###
greeting=ברכה
# ברכה = _word1
### END OF TRANSLATION COMMENTS ###
DEBUG:root:This message should go to the log file
INFO:root:So should this
WARNING:root:And this, too
INFO:root:ברכה = "שלום!"
להדפיס(ברכה)


INFO:root:# coding=UTF-8
_word1 = "שלום!"
print(_word1)


### PETEN TRANSLATION COMMENTS ###
### PETEN TRANSLATION COMMENTS #### המונח_בעברית = python_or_english_translation### END OF TRANSLATION COMMENTS ###
# ברכה = _word1
### END OF TRANSLATION COMMENTS ###
INFO:root:ברכה = "שלום!"
להדפיס(ברכה)


### PETEN TRANSLATION COMMENTS ###
ברכה = greeting
INFO:root:# coding=UTF-8
### PETEN TRANSLATION COMMENTS #### המונח_בעברית = python_or_english_translation### END OF TRANSLATION COMMENTS ###
### PETEN TRANSLATION COMMENTS ###
### END OF TRANSLATION COMMENTS ###
INFO:root:ברכה = "שלום!"
להדפיס(ברכה)


### PETEN TRANSLATION COMMENTS ###
greeting = ברכה

INFO:root:# coding=UTF-8
### PETEN TRANSLATION COMMENTS #### המונח_בעברית = python_or_english_translation### END OF TRANSLATION COMMENTS ###
### PETEN TRANSLATION COMMENTS ###
### END OF TRANSLATION COMMENTS ###
INFO:root:ברכה = "שלום!"
להדפיס(ברכה)


### PETEN TRANSLATION COMMENTS ###
greeting = ברכה

INFO:root:# coding=UTF-8
### PETEN TRANSLATION COMMENTS #### המונח_בעברית = python_or_english_translation### END OF TRANSLATION COMMENTS ###
### PETEN TRANSLATION COMMENTS ###
### END OF TRANSLATION COMMENTS ###
INFO:root:ברכה = "שלום!"
להדפיס(ברכה)


### PETEN TRANSLATION COMMENTS ###
greeting = ברכה


INFO:root:# coding=UTF-8
### PETEN TRANSLATION COMMENTS #### המונח_בעברית = python_or_english_translation### END OF TRANSLATION COMMENTS ###
### PETEN TRANSLATION COMMENTS ###
### END OF TRANSLATION COMMENTS ###
INFO:root:ברכה = "שלום!"
להדפיס(ברכה)


### PETEN TRANSLATION COMMENTS ###
greeting = ברכה



INFO:root:# coding=UTF-8
### PETEN TRANSLATION COMMENTS #### המונח_בעברית = python_or_english_translation### END OF TRANSLATION COMMENTS ###
### PETEN TRANSLATION COMMENTS ###
### END OF TRANSLATION COMMENTS ###
INFO:root:ברכה = "שלום!"
להדפיס(ברכה)


### PETEN TRANSLATION COMMENTS ###
greeting = ברכה




INFO:root:# coding=UTF-8
### PETEN TRANSLATION COMMENTS #### המונח_בעברית = python_or_english_translation### END OF TRANSLATION COMMENTS ###
### PETEN TRANSLATION COMMENTS ###
### END OF TRANSLATION COMMENTS ###
INFO:root:ברכה = "שלום!"
להדפיס(ברכה)


### PETEN TRANSLATION COMMENTS ###
greeting





INFO:root:# coding=UTF-8
### PETEN TRANSLATION COMMENTS #### המונח_בעברית = python_or_english_translation### END OF TRANSLATION COMMENTS ###
### PETEN TRANSLATION COMMENTS ###
### END OF TRANSLATION COMMENTS ###
INFO:root:ברכה = "שלום!"
להדפיס(ברכה)


### PETEN TRANSLATION COMMENTS ###
greeting






INFO:root:# coding=UTF-8
### PETEN TRANSLATION COMMENTS #### המונח_בעברית = python_or_english_translation### END OF TRANSLATION COMMENTS ###
### PETEN TRANSLATION COMMENTS ###
### END OF TRANSLATION COMMENTS ###
INFO:root:ברכה = "שלום!"
להדפיס(ברכה)


### PETEN TRANSLATION COMMENTS ###
greeting







INFO:root:# coding=UTF-8
### PETEN TRANSLATION COMMENTS #### המונח_בעברית = python_or_english_translation### END OF TRANSLATION COMMENTS ###
### PETEN TRANSLATION COMMENTS ###
### END OF TRANSLATION COMMENTS ###
INFO:root:ברכה = "שלום!"
להדפיס(ברכה)


### PETEN TRANSLATION COMMENTS ###
greeting








INFO:root:# coding=UTF-8
### PETEN TRANSLATION COMMENTS #### המונח_בעברית = python_or_english_translation### END OF TRANSLATION COMMENTS ###
### PETEN TRANSLATION COMMENTS ###
### END OF TRANSLATION COMMENTS ###
INFO:root:ברכה = "שלום!"
להדפיס(ברכה)


INFO:root:# coding=UTF-8
_word1 = "שלום!"
print(_word1)


### PETEN TRANSLATION COMMENTS ###
### PETEN TRANSLATION COMMENTS #### המונח_בעברית = python_or_english_translation### END OF TRANSLATION COMMENTS ###
# ברכה = _word1
### END OF TRANSLATION COMMENTS ###
DEBUG:root:This message should go to the log file
INFO:root:So should this
WARNING:root:And this, too
INFO:root:להדפיס("שלום, עולם!")

INFO:root:# coding=UTF-8
print("שלום, עולם!")

### PETEN TRANSLATION COMMENTS ###
### PETEN TRANSLATION COMMENTS #### המונח_בעברית = python_or_english_translation### END OF TRANSLATION COMMENTS ###
### END OF TRANSLATION COMMENTS ###
INFO:root:להדפיס("שלום, עולם!")


### PETEN TRANSLATION COMMENTS ###
ברכה = greeting
INFO:root:# coding=UTF-8
### PETEN TRANSLATION COMMENTS #### המונח_בעברית = python_or_english_translation### END OF TRANSLATION COMMENTS ###
### PETEN TRANSLATION COMMENTS ###
### END OF TRANSLATION COMMENTS ###
DEBUG:root:This message should go to the log file
INFO:root:So should this
WARNING:root:And this, too
DEBUG:root:This message should go to the log file
INFO:root:So should this
WARNING:root:And this, too
DEBUG:root:This message should go to the log file
INFO:root:So should this
WARNING:root:And this, too
DEBUG:root:This message should go to the log file
INFO:root:So should this
WARNING:root:And this, too
ERROR:django.request:Internal Server Error: /
Traceback (most recent call last):
  File "/home/lifman/heroku-peten/peten_commander.py", line 223, in process_and_run_no_GUI
    translations_text = text[text.index("### PETEN TRANSLATION COMMENTS ###"):].decode("utf8")
AttributeError: 'str' object has no attribute 'decode'

During handling of the above exception, another exception occurred:

Traceback (most recent call last):
  File "/usr/local/lib/python3.5/dist-packages/django/core/handlers/exception.py", line 35, in inner
    response = get_response(request)
  File "/usr/local/lib/python3.5/dist-packages/django/core/handlers/base.py", line 128, in _get_response
    response = self.process_exception_by_middleware(e, request)
  File "/usr/local/lib/python3.5/dist-packages/django/core/handlers/base.py", line 126, in _get_response
    response = wrapped_callback(request, *callback_args, **callback_kwargs)
  File "/home/lifman/heroku-peten/hello/views.py", line 26, in peten
    python_filename = peten_commander.process_and_run_no_GUI(peten_filename, debug_mode=True, run_mode=False)
  File "/home/lifman/heroku-peten/peten_commander.py", line 230, in process_and_run_no_GUI
    text = text.decode("utf8")
AttributeError: 'str' object has no attribute 'decode'
DEBUG:root:This message should go to the log file
INFO:root:So should this
WARNING:root:And this, too
DEBUG:root:This message should go to the log file
INFO:root:So should this
WARNING:root:And this, too
DEBUG:root:This message should go to the log file
INFO:root:So should this
WARNING:root:And this, too
